{
  "stats": {
    "suites": 1,
    "tests": 3,
    "passes": 3,
    "pending": 0,
    "failures": 0,
    "start": "2021-07-27T03:57:09.802Z",
    "end": "2021-07-27T03:57:38.402Z",
    "duration": 28600,
    "testsRegistered": 3,
    "passPercent": 100,
    "pendingPercent": 0,
    "other": 0,
    "hasOther": false,
    "skipped": 0,
    "hasSkipped": false
  },
  "results": [
    {
      "uuid": "3e9a0b45-315f-4997-9f4e-2acc6dd44876",
      "title": "",
      "fullFile": "cypress/integration/fixedRate.spec.js",
      "file": "cypress/integration/fixedRate.spec.js",
      "beforeHooks": [],
      "afterHooks": [],
      "tests": [],
      "suites": [
        {
          "uuid": "fd58a62e-17d6-419e-aeeb-b6d5a47a2e5c",
          "title": "Create a Fixed Rate Contract",
          "fullFile": "",
          "file": "",
          "beforeHooks": [],
          "afterHooks": [],
          "tests": [
            {
              "title": "Should log into the Deel Dashboard",
              "fullTitle": "Create a Fixed Rate Contract Should log into the Deel Dashboard",
              "timedOut": null,
              "duration": 9496,
              "state": "passed",
              "speed": "slow",
              "pass": true,
              "fail": false,
              "pending": false,
              "context": null,
              "code": "_login[\"default\"].login(_config.login_username, _config.login_password);\n_login[\"default\"].whatsNewContent();",
              "err": {},
              "uuid": "c6d7dfd7-43b7-4ce4-9aab-f89703f43c01",
              "parentUUID": "fd58a62e-17d6-419e-aeeb-b6d5a47a2e5c",
              "isHook": false,
              "skipped": false
            },
            {
              "title": "Should Create New Contract on Dasboard",
              "fullTitle": "Create a Fixed Rate Contract Should Create New Contract on Dasboard",
              "timedOut": null,
              "duration": 1190,
              "state": "passed",
              "speed": "slow",
              "pass": true,
              "fail": false,
              "pending": false,
              "context": null,
              "code": "_dashboard.Dashboard.sideBar();\n_dashboard.Dashboard.pageContent();\n_dashboard.CreateContract.createNewContract();",
              "err": {},
              "uuid": "d1dc81a3-ef6e-4670-8627-04c45745d98a",
              "parentUUID": "fd58a62e-17d6-419e-aeeb-b6d5a47a2e5c",
              "isHook": false,
              "skipped": false
            },
            {
              "title": "Should Open and Create a Fixed rate Contract",
              "fullTitle": "Create a Fixed Rate Contract Should Open and Create a Fixed rate Contract",
              "timedOut": null,
              "duration": 16457,
              "state": "passed",
              "speed": "slow",
              "pass": true,
              "fail": false,
              "pending": false,
              "context": null,
              "code": "_fixedRated.FixedRated.fixedRatedOption();\n_fixedRated.FixedRated.generalInfo(contractName, jobTitle, senioty, scope);\n_fixedRated.FixedRated.paymentDetails(rate, currency, per);\n_fixedRated.FixedRated.defineDates();\n_fixedRated.FixedRated.extras(specialClause);\n_fixedRated.FixedRated.compliance(country, state);\n_fixedRated.FixedRated.summary(contractName);",
              "err": {},
              "uuid": "5122ec74-31ab-482f-a3bf-f93005fe181b",
              "parentUUID": "fd58a62e-17d6-419e-aeeb-b6d5a47a2e5c",
              "isHook": false,
              "skipped": false
            }
          ],
          "suites": [],
          "passes": [
            "c6d7dfd7-43b7-4ce4-9aab-f89703f43c01",
            "d1dc81a3-ef6e-4670-8627-04c45745d98a",
            "5122ec74-31ab-482f-a3bf-f93005fe181b"
          ],
          "failures": [],
          "pending": [],
          "skipped": [],
          "duration": 27143,
          "root": false,
          "rootEmpty": false,
          "_timeout": 2000
        }
      ],
      "passes": [],
      "failures": [],
      "pending": [],
      "skipped": [],
      "duration": 0,
      "root": true,
      "rootEmpty": true,
      "_timeout": 2000
    }
  ],
  "meta": {
    "mocha": {
      "version": "7.0.1"
    },
    "mochawesome": {
      "options": {
        "quiet": false,
        "reportFilename": "mochawesome",
        "saveHtml": true,
        "saveJson": true,
        "consoleReporter": "spec",
        "useInlineDiffs": false,
        "code": true
      },
      "version": "6.2.2"
    },
    "marge": {
      "options": {
        "charts": true,
        "overwrite": true
      },
      "version": "5.2.0"
    }
  }
}